<?xml version="1.0" encoding="UTF-8"?>
<testsuite name="com.jojoldu.book.springboot.web.HelloControllerTest" tests="2" skipped="0" failures="0" errors="0" timestamp="2021-08-02T02:02:21" hostname="DESKTOP-ETQS0P2" time="0.256">
  <properties/>
  <testcase name="hello가_리턴된다" classname="com.jojoldu.book.springboot.web.HelloControllerTest" time="0.117"/>
  <testcase name="helloDto가_리턴된다" classname="com.jojoldu.book.springboot.web.HelloControllerTest" time="0.138"/>
  <system-out><![CDATA[2021-08-02 11:02:19.690  INFO 11072 --- [    Test worker] .b.t.a.w.s.WebMvcTestContextBootstrapper : Neither @ContextConfiguration nor @ContextHierarchy found for test class [com.jojoldu.book.springboot.web.HelloControllerTest], using SpringBootContextLoader
2021-08-02 11:02:19.690  INFO 11072 --- [    Test worker] o.s.t.c.support.AbstractContextLoader    : Could not detect default resource locations for test class [com.jojoldu.book.springboot.web.HelloControllerTest]: no resource found for suffixes {-context.xml, Context.groovy}.
2021-08-02 11:02:19.690  INFO 11072 --- [    Test worker] t.c.s.AnnotationConfigContextLoaderUtils : Could not detect default configuration classes for test class [com.jojoldu.book.springboot.web.HelloControllerTest]: HelloControllerTest does not declare any static, non-private, non-final, nested classes annotated with @Configuration.
2021-08-02 11:02:19.737  INFO 11072 --- [    Test worker] .b.t.c.SpringBootTestContextBootstrapper : Found @SpringBootConfiguration com.jojoldu.book.springboot.Application for test class com.jojoldu.book.springboot.web.HelloControllerTest
2021-08-02 11:02:19.737  INFO 11072 --- [    Test worker] .b.t.a.w.s.WebMvcTestContextBootstrapper : Loaded default TestExecutionListener class names from location [META-INF/spring.factories]: [org.springframework.security.test.context.support.WithSecurityContextTestExecutionListener, org.springframework.security.test.context.support.ReactorContextTestExecutionListener, org.springframework.boot.test.autoconfigure.restdocs.RestDocsTestExecutionListener, org.springframework.boot.test.autoconfigure.web.client.MockRestServiceServerResetTestExecutionListener, org.springframework.boot.test.autoconfigure.web.servlet.MockMvcPrintOnlyOnFailureTestExecutionListener, org.springframework.boot.test.autoconfigure.web.servlet.WebDriverTestExecutionListener, org.springframework.boot.test.mock.mockito.MockitoTestExecutionListener, org.springframework.boot.test.mock.mockito.ResetMocksTestExecutionListener, org.springframework.test.context.web.ServletTestExecutionListener, org.springframework.test.context.support.DirtiesContextBeforeModesTestExecutionListener, org.springframework.test.context.support.DependencyInjectionTestExecutionListener, org.springframework.test.context.support.DirtiesContextTestExecutionListener, org.springframework.test.context.transaction.TransactionalTestExecutionListener, org.springframework.test.context.jdbc.SqlScriptsTestExecutionListener]
2021-08-02 11:02:19.753  INFO 11072 --- [    Test worker] .b.t.a.w.s.WebMvcTestContextBootstrapper : Using TestExecutionListeners: [org.springframework.test.context.web.ServletTestExecutionListener@6b72c32d, org.springframework.test.context.support.DirtiesContextBeforeModesTestExecutionListener@6fd85619, org.springframework.boot.test.mock.mockito.MockitoTestExecutionListener@7f71f38b, org.springframework.boot.test.autoconfigure.SpringBootDependencyInjectionTestExecutionListener@5409716c, org.springframework.test.context.support.DirtiesContextTestExecutionListener@291fbb6b, org.springframework.test.context.transaction.TransactionalTestExecutionListener@45a48cf, org.springframework.test.context.jdbc.SqlScriptsTestExecutionListener@74c70e64, org.springframework.security.test.context.support.WithSecurityContextTestExecutionListener@6b5a9381, org.springframework.security.test.context.support.ReactorContextTestExecutionListener@3f4ab962, org.springframework.boot.test.autoconfigure.restdocs.RestDocsTestExecutionListener@69808274, org.springframework.boot.test.autoconfigure.web.client.MockRestServiceServerResetTestExecutionListener@2578150e, org.springframework.boot.test.autoconfigure.web.servlet.MockMvcPrintOnlyOnFailureTestExecutionListener@1a014cbb, org.springframework.boot.test.autoconfigure.web.servlet.WebDriverTestExecutionListener@706a7730, org.springframework.boot.test.mock.mockito.ResetMocksTestExecutionListener@1d94c86b]

  .   ____          _            __ _ _
 /\\ / ___'_ __ _ _(_)_ __  __ _ \ \ \ \
( ( )\___ | '_ | '_| | '_ \/ _` | \ \ \ \
 \\/  ___)| |_)| | | | | || (_| |  ) ) ) )
  '  |____| .__|_| |_|_| |_\__, | / / / /
 =========|_|==============|___/=/_/_/_/
 :: Spring Boot ::        (v2.1.7.RELEASE)

2021-08-02 11:02:19.831  INFO 11072 --- [    Test worker] c.j.b.s.web.HelloControllerTest          : Starting HelloControllerTest on DESKTOP-ETQS0P2 with PID 11072 (started by whwog in C:\Users\whwog\Desktop\spring-boot)
2021-08-02 11:02:19.831  INFO 11072 --- [    Test worker] c.j.b.s.web.HelloControllerTest          : The following profiles are active: oauth
2021-08-02 11:02:20.625  INFO 11072 --- [    Test worker] o.s.s.concurrent.ThreadPoolTaskExecutor  : Initializing ExecutorService 'applicationTaskExecutor'
2021-08-02 11:02:20.672  INFO 11072 --- [    Test worker] o.s.b.a.w.s.WelcomePageHandlerMapping    : Adding welcome page template: index
2021-08-02 11:02:20.953  INFO 11072 --- [    Test worker] .s.s.UserDetailsServiceAutoConfiguration : 

Using generated security password: bbb11f40-b176-4a04-9002-116dcb62a1a5

2021-08-02 11:02:21.188  INFO 11072 --- [    Test worker] o.s.s.web.DefaultSecurityFilterChain     : Creating filter chain: any request, [org.springframework.security.web.context.request.async.WebAsyncManagerIntegrationFilter@e107e7, org.springframework.security.web.context.SecurityContextPersistenceFilter@378ebb34, org.springframework.security.web.header.HeaderWriterFilter@2c5f27f2, org.springframework.security.web.csrf.CsrfFilter@5056cc2d, org.springframework.security.web.authentication.logout.LogoutFilter@2e9135ec, org.springframework.security.web.authentication.UsernamePasswordAuthenticationFilter@5b3f75e7, org.springframework.security.web.authentication.ui.DefaultLoginPageGeneratingFilter@170de003, org.springframework.security.web.authentication.ui.DefaultLogoutPageGeneratingFilter@402bf9d9, org.springframework.security.web.authentication.www.BasicAuthenticationFilter@21c8d39, org.springframework.security.web.savedrequest.RequestCacheAwareFilter@7d861d31, org.springframework.security.web.servletapi.SecurityContextHolderAwareRequestFilter@28b3c5c4, org.springframework.security.web.authentication.AnonymousAuthenticationFilter@26b8d1a0, org.springframework.security.web.session.SessionManagementFilter@4a0ea1f0, org.springframework.security.web.access.ExceptionTranslationFilter@78d64286, org.springframework.security.web.access.intercept.FilterSecurityInterceptor@2b8547af]
2021-08-02 11:02:21.264  INFO 11072 --- [    Test worker] o.s.b.t.m.w.SpringBootMockServletContext : Initializing Spring TestDispatcherServlet ''
2021-08-02 11:02:21.264  INFO 11072 --- [    Test worker] o.s.t.web.servlet.TestDispatcherServlet  : Initializing Servlet ''
2021-08-02 11:02:21.280  INFO 11072 --- [    Test worker] o.s.t.web.servlet.TestDispatcherServlet  : Completed initialization in 16 ms
2021-08-02 11:02:21.327  INFO 11072 --- [    Test worker] c.j.b.s.web.HelloControllerTest          : Started HelloControllerTest in 1.574 seconds (JVM running for 12.902)
]]></system-out>
  <system-err><![CDATA[]]></system-err>
</testsuite>
