<?xml version="1.0" encoding="UTF-8"?>
<testsuite name="com.jojoldu.book.springboot.domain.posts.PostsRepositoryTest" tests="2" skipped="0" failures="0" errors="0" timestamp="2021-07-28T04:59:45" hostname="DESKTOP-ETQS0P2" time="0.041">
  <properties/>
  <testcase name="게시글저장_불러오기" classname="com.jojoldu.book.springboot.domain.posts.PostsRepositoryTest" time="0.026"/>
  <testcase name="BaseTimeEntity_등록" classname="com.jojoldu.book.springboot.domain.posts.PostsRepositoryTest" time="0.015"/>
  <system-out><![CDATA[2021-07-28 13:59:42.778  INFO 16720 --- [    Test worker] .b.t.c.SpringBootTestContextBootstrapper : Neither @ContextConfiguration nor @ContextHierarchy found for test class [com.jojoldu.book.springboot.domain.posts.PostsRepositoryTest], using SpringBootContextLoader
2021-07-28 13:59:42.778  INFO 16720 --- [    Test worker] o.s.t.c.support.AbstractContextLoader    : Could not detect default resource locations for test class [com.jojoldu.book.springboot.domain.posts.PostsRepositoryTest]: no resource found for suffixes {-context.xml, Context.groovy}.
2021-07-28 13:59:42.778  INFO 16720 --- [    Test worker] t.c.s.AnnotationConfigContextLoaderUtils : Could not detect default configuration classes for test class [com.jojoldu.book.springboot.domain.posts.PostsRepositoryTest]: PostsRepositoryTest does not declare any static, non-private, non-final, nested classes annotated with @Configuration.
2021-07-28 13:59:42.793  INFO 16720 --- [    Test worker] .b.t.c.SpringBootTestContextBootstrapper : Found @SpringBootConfiguration com.jojoldu.book.springboot.Application for test class com.jojoldu.book.springboot.domain.posts.PostsRepositoryTest
2021-07-28 13:59:42.793  INFO 16720 --- [    Test worker] .b.t.c.SpringBootTestContextBootstrapper : Loaded default TestExecutionListener class names from location [META-INF/spring.factories]: [org.springframework.security.test.context.support.WithSecurityContextTestExecutionListener, org.springframework.security.test.context.support.ReactorContextTestExecutionListener, org.springframework.boot.test.autoconfigure.restdocs.RestDocsTestExecutionListener, org.springframework.boot.test.autoconfigure.web.client.MockRestServiceServerResetTestExecutionListener, org.springframework.boot.test.autoconfigure.web.servlet.MockMvcPrintOnlyOnFailureTestExecutionListener, org.springframework.boot.test.autoconfigure.web.servlet.WebDriverTestExecutionListener, org.springframework.boot.test.mock.mockito.MockitoTestExecutionListener, org.springframework.boot.test.mock.mockito.ResetMocksTestExecutionListener, org.springframework.test.context.web.ServletTestExecutionListener, org.springframework.test.context.support.DirtiesContextBeforeModesTestExecutionListener, org.springframework.test.context.support.DependencyInjectionTestExecutionListener, org.springframework.test.context.support.DirtiesContextTestExecutionListener, org.springframework.test.context.transaction.TransactionalTestExecutionListener, org.springframework.test.context.jdbc.SqlScriptsTestExecutionListener]
2021-07-28 13:59:42.793  INFO 16720 --- [    Test worker] .b.t.c.SpringBootTestContextBootstrapper : Using TestExecutionListeners: [org.springframework.test.context.web.ServletTestExecutionListener@4a35bbe1, org.springframework.test.context.support.DirtiesContextBeforeModesTestExecutionListener@784735e5, org.springframework.boot.test.mock.mockito.MockitoTestExecutionListener@b892bc4, org.springframework.boot.test.autoconfigure.SpringBootDependencyInjectionTestExecutionListener@1b9d5dc1, org.springframework.test.context.support.DirtiesContextTestExecutionListener@7c1007e0, org.springframework.test.context.transaction.TransactionalTestExecutionListener@3db9fd9a, org.springframework.test.context.jdbc.SqlScriptsTestExecutionListener@7f2c26e2, org.springframework.security.test.context.support.WithSecurityContextTestExecutionListener@eae0f93, org.springframework.security.test.context.support.ReactorContextTestExecutionListener@727d36a1, org.springframework.boot.test.autoconfigure.restdocs.RestDocsTestExecutionListener@da4059, org.springframework.boot.test.autoconfigure.web.client.MockRestServiceServerResetTestExecutionListener@1edf7d96, org.springframework.boot.test.autoconfigure.web.servlet.MockMvcPrintOnlyOnFailureTestExecutionListener@60f32b49, org.springframework.boot.test.autoconfigure.web.servlet.WebDriverTestExecutionListener@7ba0d1c8, org.springframework.boot.test.mock.mockito.ResetMocksTestExecutionListener@292a9e6d]

  .   ____          _            __ _ _
 /\\ / ___'_ __ _ _(_)_ __  __ _ \ \ \ \
( ( )\___ | '_ | '_| | '_ \/ _` | \ \ \ \
 \\/  ___)| |_)| | | | | || (_| |  ) ) ) )
  '  |____| .__|_| |_|_| |_\__, | / / / /
 =========|_|==============|___/=/_/_/_/
 :: Spring Boot ::        (v2.1.7.RELEASE)

2021-07-28 13:59:42.856  INFO 16720 --- [    Test worker] c.j.b.s.d.posts.PostsRepositoryTest      : Starting PostsRepositoryTest on DESKTOP-ETQS0P2 with PID 16720 (started by whwog in C:\Users\whwog\Desktop\spring-boot)
2021-07-28 13:59:42.856  INFO 16720 --- [    Test worker] c.j.b.s.d.posts.PostsRepositoryTest      : The following profiles are active: oauth
2021-07-28 13:59:43.251  INFO 16720 --- [    Test worker] .s.d.r.c.RepositoryConfigurationDelegate : Bootstrapping Spring Data repositories in DEFAULT mode.
2021-07-28 13:59:43.271  INFO 16720 --- [    Test worker] .s.d.r.c.RepositoryConfigurationDelegate : Finished Spring Data repository scanning in 20ms. Found 2 repository interfaces.
2021-07-28 13:59:43.443  INFO 16720 --- [    Test worker] trationDelegate$BeanPostProcessorChecker : Bean 'org.springframework.transaction.annotation.ProxyTransactionManagementConfiguration' of type [org.springframework.transaction.annotation.ProxyTransactionManagementConfiguration$$EnhancerBySpringCGLIB$$fe2c8d6] is not eligible for getting processed by all BeanPostProcessors (for example: not eligible for auto-proxying)
2021-07-28 13:59:43.569  INFO 16720 --- [    Test worker] com.zaxxer.hikari.HikariDataSource       : HikariPool-2 - Starting...
2021-07-28 13:59:43.569  INFO 16720 --- [    Test worker] com.zaxxer.hikari.HikariDataSource       : HikariPool-2 - Start completed.
2021-07-28 13:59:43.616  INFO 16720 --- [    Test worker] o.hibernate.jpa.internal.util.LogHelper  : HHH000204: Processing PersistenceUnitInfo [
	name: default
	...]
2021-07-28 13:59:43.616  INFO 16720 --- [    Test worker] org.hibernate.dialect.Dialect            : HHH000400: Using dialect: org.hibernate.dialect.MySQL5InnoDBDialect
Hibernate: drop table if exists posts
Hibernate: drop table if exists user
Hibernate: create table posts (id bigint not null auto_increment, created_date datetime, modified_date datetime, author varchar(255), content TEXT not null, title varchar(500) not null, primary key (id)) engine=InnoDB
Hibernate: create table user (id bigint not null auto_increment, created_date datetime, modified_date datetime, email varchar(255) not null, name varchar(255) not null, picture varchar(255), role varchar(255) not null, primary key (id)) engine=InnoDB
2021-07-28 13:59:43.694  INFO 16720 --- [    Test worker] o.h.t.schema.internal.SchemaCreatorImpl  : HHH000476: Executing import script 'org.hibernate.tool.schema.internal.exec.ScriptSourceInputNonExistentImpl@10b2bc43'
2021-07-28 13:59:43.694  INFO 16720 --- [    Test worker] j.LocalContainerEntityManagerFactoryBean : Initialized JPA EntityManagerFactory for persistence unit 'default'
2021-07-28 13:59:43.991  INFO 16720 --- [    Test worker] o.h.h.i.QueryTranslatorFactoryInitiator  : HHH000397: Using ASTQueryTranslatorFactory
2021-07-28 13:59:44.234  INFO 16720 --- [    Test worker] o.s.s.web.DefaultSecurityFilterChain     : Creating filter chain: any request, [org.springframework.security.web.context.request.async.WebAsyncManagerIntegrationFilter@3a63787b, org.springframework.security.web.context.SecurityContextPersistenceFilter@78b2dcdc, org.springframework.security.web.header.HeaderWriterFilter@5a06c0bd, org.springframework.security.web.authentication.logout.LogoutFilter@27140b98, org.springframework.security.oauth2.client.web.OAuth2AuthorizationRequestRedirectFilter@139cfca6, org.springframework.security.oauth2.client.web.OAuth2LoginAuthenticationFilter@5c37e681, org.springframework.security.web.authentication.ui.DefaultLoginPageGeneratingFilter@49ae6a4d, org.springframework.security.web.authentication.ui.DefaultLogoutPageGeneratingFilter@2c42ba7f, org.springframework.security.web.savedrequest.RequestCacheAwareFilter@7fa65df7, org.springframework.security.web.servletapi.SecurityContextHolderAwareRequestFilter@13c97996, org.springframework.security.web.authentication.AnonymousAuthenticationFilter@58cf0a9d, org.springframework.security.web.session.SessionManagementFilter@10d95c8e, org.springframework.security.web.access.ExceptionTranslationFilter@73fe9da0, org.springframework.security.web.access.intercept.FilterSecurityInterceptor@2726322a]
2021-07-28 13:59:44.688  INFO 16720 --- [    Test worker] o.s.s.concurrent.ThreadPoolTaskExecutor  : Initializing ExecutorService 'applicationTaskExecutor'
2021-07-28 13:59:44.704  WARN 16720 --- [    Test worker] aWebConfiguration$JpaWebMvcConfiguration : spring.jpa.open-in-view is enabled by default. Therefore, database queries may be performed during view rendering. Explicitly configure spring.jpa.open-in-view to disable this warning
2021-07-28 13:59:44.751  INFO 16720 --- [    Test worker] o.s.b.a.w.s.WelcomePageHandlerMapping    : Adding welcome page template: index
2021-07-28 13:59:45.370  INFO 16720 --- [    Test worker] s.a.ScheduledAnnotationBeanPostProcessor : No TaskScheduler/ScheduledExecutorService bean found for scheduled processing
2021-07-28 13:59:45.370  INFO 16720 --- [    Test worker] c.j.b.s.d.posts.PostsRepositoryTest      : Started PostsRepositoryTest in 2.561 seconds (JVM running for 16.811)
Hibernate: insert into posts (created_date, modified_date, author, content, title) values (?, ?, ?, ?, ?)
Hibernate: select posts0_.id as id1_0_, posts0_.created_date as created_2_0_, posts0_.modified_date as modified3_0_, posts0_.author as author4_0_, posts0_.content as content5_0_, posts0_.title as title6_0_ from posts posts0_
Hibernate: select posts0_.id as id1_0_, posts0_.created_date as created_2_0_, posts0_.modified_date as modified3_0_, posts0_.author as author4_0_, posts0_.content as content5_0_, posts0_.title as title6_0_ from posts posts0_
Hibernate: delete from posts where id=?
Hibernate: insert into posts (created_date, modified_date, author, content, title) values (?, ?, ?, ?, ?)
Hibernate: select posts0_.id as id1_0_, posts0_.created_date as created_2_0_, posts0_.modified_date as modified3_0_, posts0_.author as author4_0_, posts0_.content as content5_0_, posts0_.title as title6_0_ from posts posts0_
>>>>>>>> createDate=2021-07-28T13:59:45.416, modifiedDate=2021-07-28T13:59:45.416
Hibernate: select posts0_.id as id1_0_, posts0_.created_date as created_2_0_, posts0_.modified_date as modified3_0_, posts0_.author as author4_0_, posts0_.content as content5_0_, posts0_.title as title6_0_ from posts posts0_
Hibernate: delete from posts where id=?
]]></system-out>
  <system-err><![CDATA[]]></system-err>
</testsuite>
